# JRE version: 7.0_07-b11
# Java VM: Java HotSpot(TM) Server VM (23.3-b01 mixed mode windows-x86 )
Heap
 PSYoungGen      total 239936K, used 158586K [0x35720000, 0x45720000, 0x45720000)
  eden space 216064K, 70% used [0x35720000,0x3eb42f00,0x42a20000)
  from space 23872K, 28% used [0x43fd0000,0x4468bc50,0x45720000)
  to   space 22208K, 0% used [0x42a20000,0x42a20000,0x43fd0000)
 ParOldGen       total 524288K, used 124570K [0x15720000, 0x35720000, 0x35720000)
  object space 524288K, 23% used [0x15720000,0x1d0c6930,0x35720000)
 PSPermGen       total 262144K, used 48996K [0x05720000, 0x15720000, 0x15720000)
  object space 262144K, 18% used [0x05720000,0x086f9330,0x15720000)
GC Heap History (10 events):
Event: 110.835 GC heap before
{Heap before GC invocations=24 (full 0):
 PSYoungGen      total 232960K, used 211867K [0x35720000, 0x45720000, 0x45720000)
  eden space 204992K, 100% used [0x35720000,0x41f50000,0x41f50000)
  from space 27968K, 24% used [0x41f50000,0x42606f28,0x43aa0000)
  to   space 26560K, 0% used [0x43d30000,0x43d30000,0x45720000)
 ParOldGen       total 524288K, used 114669K [0x15720000, 0x35720000, 0x35720000)
  object space 524288K, 21% used [0x15720000,0x1c71b510,0x35720000)
 PSPermGen       total 262144K, used 43062K [0x05720000, 0x15720000, 0x15720000)
  object space 262144K, 16% used [0x05720000,0x0812da58,0x15720000)
Event: 110.885 GC heap after
Heap after GC invocations=24 (full 0):
 PSYoungGen      total 236416K, used 3690K [0x35720000, 0x45720000, 0x45720000)
  eden space 209856K, 0% used [0x35720000,0x35720000,0x42410000)
  from space 26560K, 13% used [0x43d30000,0x440caa88,0x45720000)
  to   space 25728K, 0% used [0x42410000,0x42410000,0x43d30000)
 ParOldGen       total 524288K, used 121118K [0x15720000, 0x35720000, 0x35720000)
  object space 524288K, 23% used [0x15720000,0x1cd67be0,0x35720000)
 PSPermGen       total 262144K, used 43062K [0x05720000, 0x15720000, 0x15720000)
  object space 262144K, 16% used [0x05720000,0x0812da58,0x15720000)
}
Event: 113.159 GC heap before
{Heap before GC invocations=25 (full 0):
 PSYoungGen      total 236416K, used 204192K [0x35720000, 0x45720000, 0x45720000)
  eden space 209856K, 95% used [0x35720000,0x41aed820,0x42410000)
  from space 26560K, 13% used [0x43d30000,0x440caa88,0x45720000)
  to   space 25728K, 0% used [0x42410000,0x42410000,0x43d30000)
 ParOldGen       total 524288K, used 121118K [0x15720000, 0x35720000, 0x35720000)
  object space 524288K, 23% used [0x15720000,0x1cd67be0,0x35720000)
 PSPermGen       total 262144K, used 44446K [0x05720000, 0x15720000, 0x15720000)
  object space 262144K, 16% used [0x05720000,0x08287ba0,0x15720000)
Event: 113.179 GC heap after
Heap after GC invocations=25 (full 0):
 PSYoungGen      total 235584K, used 2297K [0x35720000, 0x45720000, 0x45720000)
  eden space 209856K, 0% used [0x35720000,0x35720000,0x42410000)
  from space 25728K, 8% used [0x42410000,0x4264e638,0x43d30000)
  to   space 25088K, 0% used [0x43ea0000,0x43ea0000,0x45720000)
 ParOldGen       total 524288K, used 123519K [0x15720000, 0x35720000, 0x35720000)
  object space 524288K, 23% used [0x15720000,0x1cfbfdb0,0x35720000)
 PSPermGen       total 262144K, used 44446K [0x05720000, 0x15720000, 0x15720000)
  object space 262144K, 16% used [0x05720000,0x08287ba0,0x15720000)
}
Event: 114.237 GC heap before
{Heap before GC invocations=26 (full 0):
 PSYoungGen      total 235584K, used 203908K [0x35720000, 0x45720000, 0x45720000)
  eden space 209856K, 96% used [0x35720000,0x41c02d50,0x42410000)
  from space 25728K, 8% used [0x42410000,0x4264e638,0x43d30000)
  to   space 25088K, 0% used [0x43ea0000,0x43ea0000,0x45720000)
 ParOldGen       total 524288K, used 123519K [0x15720000, 0x35720000, 0x35720000)
  object space 524288K, 23% used [0x15720000,0x1cfbfdb0,0x35720000)
 PSPermGen       total 262144K, used 45220K [0x05720000, 0x15720000, 0x15720000)
  object space 262144K, 17% used [0x05720000,0x08349348,0x15720000)
Event: 114.247 GC heap after
Heap after GC invocations=26 (full 0):
 PSYoungGen      total 237568K, used 1089K [0x35720000, 0x45720000, 0x45720000)
  eden space 212480K, 0% used [0x35720000,0x35720000,0x426a0000)
  from space 25088K, 4% used [0x43ea0000,0x43fb0590,0x45720000)
  to   space 24576K, 0% used [0x426a0000,0x426a0000,0x43ea0000)
 ParOldGen       total 524288K, used 124246K [0x15720000, 0x35720000, 0x35720000)
  object space 524288K, 23% used [0x15720000,0x1d075b60,0x35720000)
 PSPermGen       total 262144K, used 45220K [0x05720000, 0x15720000, 0x15720000)
  object space 262144K, 17% used [0x05720000,0x08349348,0x15720000)
}
Event: 115.635 GC heap before
{Heap before GC invocations=27 (full 0):
 PSYoungGen      total 237568K, used 204255K [0x35720000, 0x45720000, 0x45720000)
  eden space 212480K, 95% used [0x35720000,0x41d87820,0x426a0000)
  from space 25088K, 4% used [0x43ea0000,0x43fb0590,0x45720000)
  to   space 24576K, 0% used [0x426a0000,0x426a0000,0x43ea0000)
 ParOldGen       total 524288K, used 124246K [0x15720000, 0x35720000, 0x35720000)
  object space 524288K, 23% used [0x15720000,0x1d075b60,0x35720000)
 PSPermGen       total 262144K, used 46087K [0x05720000, 0x15720000, 0x15720000)
  object space 262144K, 17% used [0x05720000,0x08421ff0,0x15720000)
Event: 115.649 GC heap after
Heap after GC invocations=27 (full 0):
 PSYoungGen      total 237056K, used 1182K [0x35720000, 0x45720000, 0x45720000)
  eden space 212480K, 0% used [0x35720000,0x35720000,0x426a0000)
  from space 24576K, 4% used [0x426a0000,0x427c7be0,0x43ea0000)
  to   space 23872K, 0% used [0x43fd0000,0x43fd0000,0x45720000)
 ParOldGen       total 524288K, used 124356K [0x15720000, 0x35720000, 0x35720000)
  object space 524288K, 23% used [0x15720000,0x1d091368,0x35720000)
 PSPermGen       total 262144K, used 46087K [0x05720000, 0x15720000, 0x15720000)
  object space 262144K, 17% used [0x05720000,0x08421ff0,0x15720000)
}
Event: 119.356 GC heap before
{Heap before GC invocations=28 (full 0):
 PSYoungGen      total 237056K, used 213662K [0x35720000, 0x45720000, 0x45720000)
  eden space 212480K, 100% used [0x35720000,0x426a0000,0x426a0000)
  from space 24576K, 4% used [0x426a0000,0x427c7be0,0x43ea0000)
  to   space 23872K, 0% used [0x43fd0000,0x43fd0000,0x45720000)
 ParOldGen       total 524288K, used 124356K [0x15720000, 0x35720000, 0x35720000)
  object space 524288K, 23% used [0x15720000,0x1d091368,0x35720000)
 PSPermGen       total 262144K, used 48659K [0x05720000, 0x15720000, 0x15720000)
  object space 262144K, 18% used [0x05720000,0x086a4c78,0x15720000)
Event: 119.387 GC heap after
Heap after GC invocations=28 (full 0):
 PSYoungGen      total 239936K, used 6895K [0x35720000, 0x45720000, 0x45720000)
  eden space 216064K, 0% used [0x35720000,0x35720000,0x42a20000)
  from space 23872K, 28% used [0x43fd0000,0x4468bc50,0x45720000)
  to   space 22208K, 0% used [0x42a20000,0x42a20000,0x43fd0000)
 ParOldGen       total 524288K, used 124570K [0x15720000, 0x35720000, 0x35720000)
  object space 524288K, 23% used [0x15720000,0x1d0c6930,0x35720000)
 PSPermGen       total 262144K, used 48659K [0x05720000, 0x15720000, 0x15720000)
  object space 262144K, 18% used [0x05720000,0x086a4c78,0x15720000)
}

